<?xml version="1.0" encoding="UTF-8"?>
<!-- Generated by org.testng.reporters.JUnitReportReporter -->
<testsuite skipped="0" hostname="saroj-desk" name="SarojTestPkg.SarojMavenLiveProject.LoginPage" tests="4" failures="0" timestamp="2020-06-11T21:05:57 IST" time="13.925" errors="0">
  <testcase name="logIn" time="11.280" classname="SarojTestPkg.SarojMavenLiveProject.LoginPage"/>
  <system-out/>
  <testcase name="loginInformatioin" time="1.903" classname="SarojTestPkg.SarojMavenLiveProject.LoginPage"/>
  <system-out/>
  <testcase name="loginInformatioin" time="0.604" classname="SarojTestPkg.SarojMavenLiveProject.LoginPage"/>
  <system-out/>
  <testcase name="loginForgotPassword" time="0.138" classname="SarojTestPkg.SarojMavenLiveProject.LoginPage"/>
  <system-out/>
</testsuite> <!-- SarojTestPkg.SarojMavenLiveProject.LoginPage -->
