<?xml version="1.0" encoding="UTF-8"?>
<!-- Generated by org.testng.reporters.JUnitReportReporter -->
<testsuite skipped="3" hostname="saroj-desk" name="SarojTestPkg.SarojMavenLiveProject.HomePageValidation" tests="4" failures="0" timestamp="2020-05-30T07:01:00 IST" time="0.008" errors="1">
  <testcase name="homePageText" time="0.000" classname="SarojTestPkg.SarojMavenLiveProject.HomePageValidation">
    <skipped/>
  </testcase> <!-- homePageText -->
  <system-out/>
  <testcase name="preConditions" time="0.008" classname="SarojTestPkg.SarojMavenLiveProject.HomePageValidation">
    <error type="java.lang.NullPointerException">
      <![CDATA[java.lang.NullPointerException
at Resources.MyBaseClass.initializeDriver(MyBaseClass.java:33)
at SarojTestPkg.SarojMavenLiveProject.HomePageValidation.preConditions(HomePageValidation.java:27)
at sun.reflect.NativeMethodAccessorImpl.invoke0(Native Method)
at sun.reflect.NativeMethodAccessorImpl.invoke(NativeMethodAccessorImpl.java:62)
at sun.reflect.DelegatingMethodAccessorImpl.invoke(DelegatingMethodAccessorImpl.java:43)
at java.lang.reflect.Method.invoke(Method.java:498)
at org.testng.internal.MethodInvocationHelper.invokeMethod(MethodInvocationHelper.java:134)
at org.testng.internal.MethodInvocationHelper.invokeMethodConsideringTimeout(MethodInvocationHelper.java:63)
at org.testng.internal.ConfigInvoker.invokeConfigurationMethod(ConfigInvoker.java:348)
at org.testng.internal.ConfigInvoker.invokeConfigurations(ConfigInvoker.java:302)
at org.testng.internal.TestInvoker.runConfigMethods(TestInvoker.java:695)
at org.testng.internal.TestInvoker.invokeMethod(TestInvoker.java:523)
at org.testng.internal.TestInvoker.invokeTestMethod(TestInvoker.java:173)
at org.testng.internal.MethodRunner.runInSequence(MethodRunner.java:46)
at org.testng.internal.TestInvoker$MethodInvocationAgent.invoke(TestInvoker.java:816)
at org.testng.internal.TestInvoker.invokeTestMethods(TestInvoker.java:146)
at org.testng.internal.TestMethodWorker.invokeTestMethods(TestMethodWorker.java:146)
at org.testng.internal.TestMethodWorker.run(TestMethodWorker.java:128)
at java.util.ArrayList.forEach(ArrayList.java:1257)
at org.testng.TestRunner.privateRun(TestRunner.java:766)
at org.testng.TestRunner.run(TestRunner.java:587)
at org.testng.SuiteRunner.runTest(SuiteRunner.java:384)
at org.testng.SuiteRunner.access$000(SuiteRunner.java:28)
at org.testng.SuiteRunner$SuiteWorker.run(SuiteRunner.java:425)
at org.testng.internal.thread.ThreadUtil.lambda$execute$0(ThreadUtil.java:68)
at java.util.concurrent.FutureTask.run(FutureTask.java:266)
at java.util.concurrent.ThreadPoolExecutor.runWorker(ThreadPoolExecutor.java:1149)
at java.util.concurrent.ThreadPoolExecutor$Worker.run(ThreadPoolExecutor.java:624)
at java.lang.Thread.run(Thread.java:748)
]]>
    </error>
  </testcase> <!-- preConditions -->
  <system-out/>
  <testcase name="homePageNavigationBarCount" time="0.000" classname="SarojTestPkg.SarojMavenLiveProject.HomePageValidation">
    <skipped/>
  </testcase> <!-- homePageNavigationBarCount -->
  <system-out/>
  <testcase name="homePageNavigationBar" time="0.000" classname="SarojTestPkg.SarojMavenLiveProject.HomePageValidation">
    <skipped/>
  </testcase> <!-- homePageNavigationBar -->
  <system-out/>
</testsuite> <!-- SarojTestPkg.SarojMavenLiveProject.HomePageValidation -->
