<?xml version="1.0" encoding="UTF-8"?>
<!-- Generated by org.testng.reporters.JUnitReportReporter -->
<testsuite skipped="0" hostname="saroj-desk" name="SarojTestPkg.SarojMavenLiveProject.CoursesTab" tests="3" failures="0" timestamp="2020-06-11T21:05:57 IST" time="14.897" errors="0">
  <testcase name="courseNavigationTab" time="5.547" classname="SarojTestPkg.SarojMavenLiveProject.CoursesTab"/>
  <system-out/>
  <testcase name="allCoursesCount" time="7.274" classname="SarojTestPkg.SarojMavenLiveProject.CoursesTab"/>
  <system-out/>
  <testcase name="searchCourse" time="2.076" classname="SarojTestPkg.SarojMavenLiveProject.CoursesTab"/>
  <system-out/>
</testsuite> <!-- SarojTestPkg.SarojMavenLiveProject.CoursesTab -->
