<?xml version="1.0" encoding="UTF-8"?>
<!-- Generated by org.testng.reporters.JUnitReportReporter -->
<testsuite name="SarojTestPkg.SarojMavenLiveProject.CoursesTab" tests="3" time="16.179" ignored="0" failures="0" timestamp="11 Jun 2020 15:28:41 GMT" skipped="0" hostname="saroj-desk" errors="0">
  <testcase name="allCoursesCount" time="6.879" classname="SarojTestPkg.SarojMavenLiveProject.CoursesTab"/>
  <testcase name="courseNavigationTab" time="8.044" classname="SarojTestPkg.SarojMavenLiveProject.CoursesTab"/>
  <testcase name="searchCourse" time="1.256" classname="SarojTestPkg.SarojMavenLiveProject.CoursesTab"/>
</testsuite> <!-- SarojTestPkg.SarojMavenLiveProject.CoursesTab -->
