<?xml version="1.0" encoding="UTF-8"?>
<!-- Generated by org.testng.reporters.JUnitReportReporter -->
<testsuite name="SarojTestPkg.SarojMavenLiveProject.LoginPage" tests="4" time="16.862" ignored="0" failures="0" timestamp="11 Jun 2020 15:28:40 GMT" skipped="0" hostname="saroj-desk" errors="0">
  <testcase name="loginInformatioin" time="0.630" classname="SarojTestPkg.SarojMavenLiveProject.LoginPage"/>
  <testcase name="loginInformatioin" time="1.874" classname="SarojTestPkg.SarojMavenLiveProject.LoginPage"/>
  <testcase name="loginForgotPassword" time="0.078" classname="SarojTestPkg.SarojMavenLiveProject.LoginPage"/>
  <testcase name="logIn" time="14.280" classname="SarojTestPkg.SarojMavenLiveProject.LoginPage"/>
</testsuite> <!-- SarojTestPkg.SarojMavenLiveProject.LoginPage -->
