<?xml version="1.0" encoding="UTF-8"?>
<!-- Generated by org.testng.reporters.JUnitReportReporter -->
<testsuite name="SarojTestPkg.SarojMavenLiveProject.HomePageValidation" tests="3" time="0.978" ignored="0" failures="0" timestamp="11 Jun 2020 15:28:41 GMT" skipped="0" hostname="saroj-desk" errors="0">
  <testcase name="homePageNavigationBarCount" time="0.625" classname="SarojTestPkg.SarojMavenLiveProject.HomePageValidation"/>
  <testcase name="homePageText" time="0.151" classname="SarojTestPkg.SarojMavenLiveProject.HomePageValidation"/>
  <testcase name="homePageNavigationBar" time="0.202" classname="SarojTestPkg.SarojMavenLiveProject.HomePageValidation"/>
</testsuite> <!-- SarojTestPkg.SarojMavenLiveProject.HomePageValidation -->
